# JRE version: OpenJDK Runtime Environment (8.0_152-b01) (build 1.8.0_152-release-915-b01)
# Java VM: OpenJDK 64-Bit Server VM (25.152-b01 mixed mode linux-amd64 compressed oops)
Heap:
 PSYoungGen      total 87040K, used 22735K [0x00000000e0000000, 0x00000000e6000000, 0x0000000100000000)
  eden space 77824K, 21% used [0x00000000e0000000,0x00000000e101b880,0x00000000e4c00000)
  from space 9216K, 67% used [0x00000000e5700000,0x00000000e5d18680,0x00000000e6000000)
  to   space 10240K, 0% used [0x00000000e4c00000,0x00000000e4c00000,0x00000000e5600000)
 ParOldGen       total 62464K, used 9118K [0x00000000a0000000, 0x00000000a3d00000, 0x00000000e0000000)
  object space 62464K, 14% used [0x00000000a0000000,0x00000000a08e7908,0x00000000a3d00000)
 Metaspace       used 32327K, capacity 33034K, committed 33408K, reserved 1077248K
  class space    used 4394K, capacity 4634K, committed 4736K, reserved 1048576K
GC Heap History (10 events):
Event: 10.560 GC heap before
{Heap before GC invocations=5 (full 1):
 PSYoungGen      total 36864K, used 5108K [0x00000000e0000000, 0x00000000e2900000, 0x0000000100000000)
  eden space 31744K, 0% used [0x00000000e0000000,0x00000000e0000000,0x00000000e1f00000)
  from space 5120K, 99% used [0x00000000e2400000,0x00000000e28fd070,0x00000000e2900000)
  to   space 5120K, 0% used [0x00000000e1f00000,0x00000000e1f00000,0x00000000e2400000)
 ParOldGen       total 84992K, used 7400K [0x00000000a0000000, 0x00000000a5300000, 0x00000000e0000000)
  object space 84992K, 8% used [0x00000000a0000000,0x00000000a073a2b0,0x00000000a5300000)
 Metaspace       used 20620K, capacity 21032K, committed 21248K, reserved 1067008K
  class space    used 2858K, capacity 3005K, committed 3072K, reserved 1048576K
Event: 10.630 GC heap after
Heap after GC invocations=5 (full 1):
 PSYoungGen      total 36864K, used 0K [0x00000000e0000000, 0x00000000e2900000, 0x0000000100000000)
  eden space 31744K, 0% used [0x00000000e0000000,0x00000000e0000000,0x00000000e1f00000)
  from space 5120K, 0% used [0x00000000e2400000,0x00000000e2400000,0x00000000e2900000)
  to   space 5120K, 0% used [0x00000000e1f00000,0x00000000e1f00000,0x00000000e2400000)
 ParOldGen       total 62464K, used 9022K [0x00000000a0000000, 0x00000000a3d00000, 0x00000000e0000000)
  object space 62464K, 14% used [0x00000000a0000000,0x00000000a08cf8f8,0x00000000a3d00000)
 Metaspace       used 20620K, capacity 21032K, committed 21248K, reserved 1067008K
  class space    used 2858K, capacity 3005K, committed 3072K, reserved 1048576K
}
Event: 11.591 GC heap before
{Heap before GC invocations=6 (full 1):
 PSYoungGen      total 36864K, used 31744K [0x00000000e0000000, 0x00000000e2900000, 0x0000000100000000)
  eden space 31744K, 100% used [0x00000000e0000000,0x00000000e1f00000,0x00000000e1f00000)
  from space 5120K, 0% used [0x00000000e2400000,0x00000000e2400000,0x00000000e2900000)
  to   space 5120K, 0% used [0x00000000e1f00000,0x00000000e1f00000,0x00000000e2400000)
 ParOldGen       total 62464K, used 9022K [0x00000000a0000000, 0x00000000a3d00000, 0x00000000e0000000)
  object space 62464K, 14% used [0x00000000a0000000,0x00000000a08cf8f8,0x00000000a3d00000)
 Metaspace       used 23397K, capacity 23896K, committed 24192K, reserved 1071104K
  class space    used 3190K, capacity 3335K, committed 3456K, reserved 1048576K
Event: 11.599 GC heap after
Heap after GC invocations=6 (full 1):
 PSYoungGen      total 36864K, used 3851K [0x00000000e0000000, 0x00000000e4380000, 0x0000000100000000)
  eden space 31744K, 0% used [0x00000000e0000000,0x00000000e0000000,0x00000000e1f00000)
  from space 5120K, 75% used [0x00000000e1f00000,0x00000000e22c2ff8,0x00000000e2400000)
  to   space 10752K, 0% used [0x00000000e3900000,0x00000000e3900000,0x00000000e4380000)
 ParOldGen       total 62464K, used 9030K [0x00000000a0000000, 0x00000000a3d00000, 0x00000000e0000000)
  object space 62464K, 14% used [0x00000000a0000000,0x00000000a08d18f8,0x00000000a3d00000)
 Metaspace       used 23397K, capacity 23896K, committed 24192K, reserved 1071104K
  class space    used 3190K, capacity 3335K, committed 3456K, reserved 1048576K
}
Event: 12.545 GC heap before
{Heap before GC invocations=7 (full 1):
 PSYoungGen      total 36864K, used 35595K [0x00000000e0000000, 0x00000000e4380000, 0x0000000100000000)
  eden space 31744K, 100% used [0x00000000e0000000,0x00000000e1f00000,0x00000000e1f00000)
  from space 5120K, 75% used [0x00000000e1f00000,0x00000000e22c2ff8,0x00000000e2400000)
  to   space 10752K, 0% used [0x00000000e3900000,0x00000000e3900000,0x00000000e4380000)
 ParOldGen       total 62464K, used 9030K [0x00000000a0000000, 0x00000000a3d00000, 0x00000000e0000000)
  object space 62464K, 14% used [0x00000000a0000000,0x00000000a08d18f8,0x00000000a3d00000)
 Metaspace       used 25640K, capacity 26208K, committed 26496K, reserved 1073152K
  class space    used 3514K, capacity 3697K, committed 3712K, reserved 1048576K
Event: 12.573 GC heap after
Heap after GC invocations=7 (full 1):
 PSYoungGen      total 58880K, used 5078K [0x00000000e0000000, 0x00000000e4780000, 0x0000000100000000)
  eden space 48128K, 0% used [0x00000000e0000000,0x00000000e0000000,0x00000000e2f00000)
  from space 10752K, 47% used [0x00000000e3900000,0x00000000e3df5948,0x00000000e4380000)
  to   space 10240K, 0% used [0x00000000e2f00000,0x00000000e2f00000,0x00000000e3900000)
 ParOldGen       total 62464K, used 9038K [0x00000000a0000000, 0x00000000a3d00000, 0x00000000e0000000)
  object space 62464K, 14% used [0x00000000a0000000,0x00000000a08d38f8,0x00000000a3d00000)
 Metaspace       used 25640K, capacity 26208K, committed 26496K, reserved 1073152K
  class space    used 3514K, capacity 3697K, committed 3712K, reserved 1048576K
}
Event: 14.130 GC heap before
{Heap before GC invocations=8 (full 1):
 PSYoungGen      total 58880K, used 53206K [0x00000000e0000000, 0x00000000e4780000, 0x0000000100000000)
  eden space 48128K, 100% used [0x00000000e0000000,0x00000000e2f00000,0x00000000e2f00000)
  from space 10752K, 47% used [0x00000000e3900000,0x00000000e3df5948,0x00000000e4380000)
  to   space 10240K, 0% used [0x00000000e2f00000,0x00000000e2f00000,0x00000000e3900000)
 ParOldGen       total 62464K, used 9038K [0x00000000a0000000, 0x00000000a3d00000, 0x00000000e0000000)
  object space 62464K, 14% used [0x00000000a0000000,0x00000000a08d38f8,0x00000000a3d00000)
 Metaspace       used 29748K, capacity 30282K, committed 30464K, reserved 1075200K
  class space    used 4081K, capacity 4286K, committed 4352K, reserved 1048576K
Event: 14.142 GC heap after
Heap after GC invocations=8 (full 1):
 PSYoungGen      total 58368K, used 7381K [0x00000000e0000000, 0x00000000e6180000, 0x0000000100000000)
  eden space 48128K, 0% used [0x00000000e0000000,0x00000000e0000000,0x00000000e2f00000)
  from space 10240K, 72% used [0x00000000e2f00000,0x00000000e36354d0,0x00000000e3900000)
  to   space 10752K, 0% used [0x00000000e5700000,0x00000000e5700000,0x00000000e6180000)
 ParOldGen       total 62464K, used 9046K [0x00000000a0000000, 0x00000000a3d00000, 0x00000000e0000000)
  object space 62464K, 14% used [0x00000000a0000000,0x00000000a08d58f8,0x00000000a3d00000)
 Metaspace       used 29748K, capacity 30282K, committed 30464K, reserved 1075200K
  class space    used 4081K, capacity 4286K, committed 4352K, reserved 1048576K
}
Event: 16.065 GC heap before
{Heap before GC invocations=9 (full 1):
 PSYoungGen      total 58368K, used 55509K [0x00000000e0000000, 0x00000000e6180000, 0x0000000100000000)
  eden space 48128K, 100% used [0x00000000e0000000,0x00000000e2f00000,0x00000000e2f00000)
  from space 10240K, 72% used [0x00000000e2f00000,0x00000000e36354d0,0x00000000e3900000)
  to   space 10752K, 0% used [0x00000000e5700000,0x00000000e5700000,0x00000000e6180000)
 ParOldGen       total 62464K, used 9046K [0x00000000a0000000, 0x00000000a3d00000, 0x00000000e0000000)
  object space 62464K, 14% used [0x00000000a0000000,0x00000000a08d58f8,0x00000000a3d00000)
 Metaspace       used 30735K, capacity 31362K, committed 31616K, reserved 1077248K
  class space    used 4195K, capacity 4390K, committed 4480K, reserved 1048576K
Event: 16.080 GC heap after
Heap after GC invocations=9 (full 1):
 PSYoungGen      total 87040K, used 6241K [0x00000000e0000000, 0x00000000e6000000, 0x0000000100000000)
  eden space 77824K, 0% used [0x00000000e0000000,0x00000000e0000000,0x00000000e4c00000)
  from space 9216K, 67% used [0x00000000e5700000,0x00000000e5d18680,0x00000000e6000000)
  to   space 10240K, 0% used [0x00000000e4c00000,0x00000000e4c00000,0x00000000e5600000)
 ParOldGen       total 62464K, used 9118K [0x00000000a0000000, 0x00000000a3d00000, 0x00000000e0000000)
  object space 62464K, 14% used [0x00000000a0000000,0x00000000a08e7908,0x00000000a3d00000)
 Metaspace       used 30735K, capacity 31362K, committed 31616K, reserved 1077248K
  class space    used 4195K, capacity 4390K, committed 4480K, reserved 1048576K
}

